2025-07-14 07:48:27 [ERROR]: Error: Script execution failed with code 1: 
    at ChildProcess.<anonymous> (file:///Users/angus/Visualization%20Bioinformatics/dna-barcode-toolkit/backend/src/services/pythonExecutor.js:162:13)
    at ChildProcess.emit (node:events:513:28)
    at maybeClose (node:internal/child_process:1101:16)
    at ChildProcess._handle.onexit (node:internal/child_process:305:5)
2025-07-14 07:50:22 [ERROR]: Error: Script execution failed with code 1: 
    at ChildProcess.<anonymous> (file:///Users/angus/Visualization%20Bioinformatics/dna-barcode-toolkit/backend/src/services/pythonExecutor.js:162:13)
    at ChildProcess.emit (node:events:513:28)
    at maybeClose (node:internal/child_process:1101:16)
    at Socket.<anonymous> (node:internal/child_process:457:11)
    at Socket.emit (node:events:513:28)
    at Pipe.<anonymous> (node:net:351:12)
2025-07-14 07:53:11 [ERROR]: Error: Script execution failed with code 1: 
    at ChildProcess.<anonymous> (file:///Users/angus/Visualization%20Bioinformatics/dna-barcode-toolkit/backend/src/services/pythonExecutor.js:162:13)
    at ChildProcess.emit (node:events:513:28)
    at maybeClose (node:internal/child_process:1101:16)
    at Socket.<anonymous> (node:internal/child_process:457:11)
    at Socket.emit (node:events:513:28)
    at Pipe.<anonymous> (node:net:351:12)
2025-07-14 08:32:03 [ERROR]: Error: Script execution failed with code 1: 
    at ChildProcess.<anonymous> (file:///Users/angus/Visualization%20Bioinformatics/dna-barcode-toolkit/backend/src/services/pythonExecutor.js:162:13)
    at ChildProcess.emit (node:events:513:28)
    at maybeClose (node:internal/child_process:1101:16)
    at ChildProcess._handle.onexit (node:internal/child_process:305:5)
2025-07-14 08:34:53 [ERROR]: Error: Script execution failed with code 1: 
    at ChildProcess.<anonymous> (file:///Users/angus/Visualization%20Bioinformatics/dna-barcode-toolkit/backend/src/services/pythonExecutor.js:162:13)
    at ChildProcess.emit (node:events:513:28)
    at maybeClose (node:internal/child_process:1101:16)
    at Socket.<anonymous> (node:internal/child_process:457:11)
    at Socket.emit (node:events:513:28)
    at Pipe.<anonymous> (node:net:351:12)
2025-07-14 08:52:01 [ERROR]: Error: Script execution failed with code 1: 
    at ChildProcess.<anonymous> (file:///Users/angus/Visualization%20Bioinformatics/dna-barcode-toolkit/backend/src/services/pythonExecutor.js:162:13)
    at ChildProcess.emit (node:events:513:28)
    at maybeClose (node:internal/child_process:1101:16)
    at ChildProcess._handle.onexit (node:internal/child_process:305:5)
2025-07-14 09:00:01 [ERROR]: Error: Script execution failed with code 1: Traceback (most recent call last):
  File "/Users/angus/Visualization Bioinformatics/dna-barcode-toolkit/backend/python_scripts/1-rename.py", line 13, in <module>
    with open(outfile_name, 'w') as outfile:
         ^^^^^^^^^^^^^^^^^^^^^^^
FileNotFoundError: [Errno 2] No such file or directory: 'uploads/e1342733-ffdd-4d37-b4e4-4521bf792f79_MS23323-pool_000000000-L79NH_L1_R1.rename.fq'

    at ChildProcess.<anonymous> (file:///Users/angus/Visualization%20Bioinformatics/dna-barcode-toolkit/backend/src/services/pythonExecutor.js:162:13)
    at ChildProcess.emit (node:events:513:28)
    at maybeClose (node:internal/child_process:1101:16)
    at Socket.<anonymous> (node:internal/child_process:457:11)
    at Socket.emit (node:events:513:28)
    at Pipe.<anonymous> (node:net:351:12)
2025-07-14 10:04:47 [ERROR]: Error: Script execution failed with code 2: /Library/Frameworks/Python.framework/Versions/3.11/Resources/Python.app/Contents/MacOS/Python: can't open file '/Users/angus/Visualization Bioinformatics/dna-barcode-toolkit/backend/python_scripts/integrated_pipeline.py': [Errno 2] No such file or directory

    at ChildProcess.<anonymous> (file:///Users/angus/Visualization%20Bioinformatics/dna-barcode-toolkit/backend/src/services/pythonExecutor.js:216:13)
    at ChildProcess.emit (node:events:513:28)
    at maybeClose (node:internal/child_process:1101:16)
    at Socket.<anonymous> (node:internal/child_process:457:11)
    at Socket.emit (node:events:513:28)
    at Pipe.<anonymous> (node:net:351:12)
2025-07-14 10:33:53 [ERROR]: Error: ENOENT: no such file or directory, scandir '/Users/angus/Visualization Bioinformatics/dna-barcode-toolkit/backend/outputs/pipeline/pipeline_1752459485668'
2025-07-14 10:36:42 [ERROR]: Error: Script execution failed with code 1:   File "/Users/angus/Visualization Bioinformatics/dna-barcode-toolkit/backend/python_scripts/integrated_pipeline.py", line 442
    main():
          ^
SyntaxError: invalid syntax

    at ChildProcess.<anonymous> (file:///Users/angus/Visualization%20Bioinformatics/dna-barcode-toolkit/backend/src/services/pythonExecutor.js:224:13)
    at ChildProcess.emit (node:events:513:28)
    at maybeClose (node:internal/child_process:1101:16)
    at ChildProcess._handle.onexit (node:internal/child_process:305:5)
2025-07-14 10:41:25 [ERROR]: Error: Script execution failed with code 1:   File "/Users/angus/Visualization Bioinformatics/dna-barcode-toolkit/backend/python_scripts/integrated_pipeline.py", line 442
    main():
          ^
SyntaxError: invalid syntax

    at ChildProcess.<anonymous> (file:///Users/angus/Visualization%20Bioinformatics/dna-barcode-toolkit/backend/src/services/pythonExecutor.js:224:13)
    at ChildProcess.emit (node:events:513:28)
    at maybeClose (node:internal/child_process:1101:16)
    at Socket.<anonymous> (node:internal/child_process:457:11)
    at Socket.emit (node:events:513:28)
    at Pipe.<anonymous> (node:net:351:12)
2025-07-14 10:43:36 [ERROR]: Error: Script execution failed with code 1:   File "/Users/angus/Visualization Bioinformatics/dna-barcode-toolkit/backend/python_scripts/integrated_pipeline.py", line 442
    main():
          ^
SyntaxError: invalid syntax

    at ChildProcess.<anonymous> (file:///Users/angus/Visualization%20Bioinformatics/dna-barcode-toolkit/backend/src/services/pythonExecutor.js:224:13)
    at ChildProcess.emit (node:events:513:28)
    at maybeClose (node:internal/child_process:1101:16)
    at Socket.<anonymous> (node:internal/child_process:457:11)
    at Socket.emit (node:events:513:28)
    at Pipe.<anonymous> (node:net:351:12)
2025-07-14 10:55:06 [ERROR]: Error: Script execution failed with code 1: 
    at ChildProcess.<anonymous> (file:///Users/angus/Visualization%20Bioinformatics/dna-barcode-toolkit/backend/src/services/pythonExecutor.js:224:13)
    at ChildProcess.emit (node:events:513:28)
    at maybeClose (node:internal/child_process:1101:16)
    at ChildProcess._handle.onexit (node:internal/child_process:305:5)
2025-07-14 10:56:46 [ERROR]: Error: Script execution failed with code 1: 
    at ChildProcess.<anonymous> (file:///Users/angus/Visualization%20Bioinformatics/dna-barcode-toolkit/backend/src/services/pythonExecutor.js:224:13)
    at ChildProcess.emit (node:events:513:28)
    at maybeClose (node:internal/child_process:1101:16)
    at ChildProcess._handle.onexit (node:internal/child_process:305:5)
2025-07-14 10:59:15 [ERROR]: Error: Script execution failed with code 1: 
    at ChildProcess.<anonymous> (file:///Users/angus/Visualization%20Bioinformatics/dna-barcode-toolkit/backend/src/services/pythonExecutor.js:224:13)
    at ChildProcess.emit (node:events:513:28)
    at maybeClose (node:internal/child_process:1101:16)
    at Socket.<anonymous> (node:internal/child_process:457:11)
    at Socket.emit (node:events:513:28)
    at Pipe.<anonymous> (node:net:351:12)
2025-07-14 11:02:30 [ERROR]: Error: Script execution failed with code 1: 
    at ChildProcess.<anonymous> (file:///Users/angus/Visualization%20Bioinformatics/dna-barcode-toolkit/backend/src/services/pythonExecutor.js:224:13)
    at ChildProcess.emit (node:events:513:28)
    at maybeClose (node:internal/child_process:1101:16)
    at ChildProcess._handle.onexit (node:internal/child_process:305:5)
2025-07-14 11:18:40 [ERROR]: Error: Script execution failed with code 1: 
    at ChildProcess.<anonymous> (file:///Users/angus/Visualization%20Bioinformatics/dna-barcode-toolkit/backend/src/services/pythonExecutor.js:224:13)
    at ChildProcess.emit (node:events:513:28)
    at maybeClose (node:internal/child_process:1101:16)
    at ChildProcess._handle.onexit (node:internal/child_process:305:5)
2025-07-15 19:35:15 [ERROR]: Error: Script execution failed with code 1: 
    at ChildProcess.<anonymous> (file:///Users/angus/Visualization%20Bioinformatics/dna-barcode-toolkit/backend/src/services/pythonExecutor.js:224:13)
    at ChildProcess.emit (node:events:513:28)
    at maybeClose (node:internal/child_process:1101:16)
    at Socket.<anonymous> (node:internal/child_process:457:11)
    at Socket.emit (node:events:513:28)
    at Pipe.<anonymous> (node:net:351:12)
2025-07-17 12:59:56 [ERROR]: Error: Script execution failed with code 1: 
    at ChildProcess.<anonymous> (file:///Users/angus/Visualization%20Bioinformatics/dna-barcode-toolkit/backend/src/services/pythonExecutor.js:224:13)
    at ChildProcess.emit (node:events:513:28)
    at maybeClose (node:internal/child_process:1101:16)
    at ChildProcess._handle.onexit (node:internal/child_process:305:5)
2025-07-17 12:59:56 [ERROR]: Error: Script execution failed with code 1: 
    at ChildProcess.<anonymous> (file:///Users/angus/Visualization%20Bioinformatics/dna-barcode-toolkit/backend/src/services/pythonExecutor.js:224:13)
    at ChildProcess.emit (node:events:513:28)
    at maybeClose (node:internal/child_process:1101:16)
    at Socket.<anonymous> (node:internal/child_process:457:11)
    at Socket.emit (node:events:513:28)
    at Pipe.<anonymous> (node:net:351:12)
2025-07-17 13:37:56 [ERROR]: Error: Script execution failed with code 1: 
    at ChildProcess.<anonymous> (file:///Users/angus/Visualization%20Bioinformatics/dna-barcode-toolkit/backend/src/services/pythonExecutor.js:224:13)
    at ChildProcess.emit (node:events:513:28)
    at maybeClose (node:internal/child_process:1101:16)
    at Socket.<anonymous> (node:internal/child_process:457:11)
    at Socket.emit (node:events:513:28)
    at Pipe.<anonymous> (node:net:351:12)
2025-07-17 13:37:56 [ERROR]: Error: Script execution failed with code 1: 
    at ChildProcess.<anonymous> (file:///Users/angus/Visualization%20Bioinformatics/dna-barcode-toolkit/backend/src/services/pythonExecutor.js:224:13)
    at ChildProcess.emit (node:events:513:28)
    at maybeClose (node:internal/child_process:1101:16)
    at Socket.<anonymous> (node:internal/child_process:457:11)
    at Socket.emit (node:events:513:28)
    at Pipe.<anonymous> (node:net:351:12)
2025-07-17 13:40:54 [ERROR]: Error: Script execution failed with code 1: 
    at ChildProcess.<anonymous> (file:///Users/angus/Visualization%20Bioinformatics/dna-barcode-toolkit/backend/src/services/pythonExecutor.js:224:13)
    at ChildProcess.emit (node:events:513:28)
    at maybeClose (node:internal/child_process:1101:16)
    at Socket.<anonymous> (node:internal/child_process:457:11)
    at Socket.emit (node:events:513:28)
    at Pipe.<anonymous> (node:net:351:12)
2025-07-17 13:40:54 [ERROR]: Error: Script execution failed with code 1: 
    at ChildProcess.<anonymous> (file:///Users/angus/Visualization%20Bioinformatics/dna-barcode-toolkit/backend/src/services/pythonExecutor.js:224:13)
    at ChildProcess.emit (node:events:513:28)
    at maybeClose (node:internal/child_process:1101:16)
    at Socket.<anonymous> (node:internal/child_process:457:11)
    at Socket.emit (node:events:513:28)
    at Pipe.<anonymous> (node:net:351:12)
2025-07-17 15:15:17 [ERROR]: Error: Script execution failed with code 1: 
    at ChildProcess.<anonymous> (file:///Users/angus/Visualization%20Bioinformatics/dna-barcode-toolkit/backend/src/services/pythonExecutor.js:224:13)
    at ChildProcess.emit (node:events:513:28)
    at maybeClose (node:internal/child_process:1101:16)
    at Socket.<anonymous> (node:internal/child_process:457:11)
    at Socket.emit (node:events:513:28)
    at Pipe.<anonymous> (node:net:351:12)
2025-07-17 15:30:07 [ERROR]: Error: Script execution failed with code 1: 
    at ChildProcess.<anonymous> (file:///Users/angus/Visualization%20Bioinformatics/dna-barcode-toolkit/backend/src/services/pythonExecutor.js:224:13)
    at ChildProcess.emit (node:events:513:28)
    at maybeClose (node:internal/child_process:1101:16)
    at Socket.<anonymous> (node:internal/child_process:457:11)
    at Socket.emit (node:events:513:28)
    at Pipe.<anonymous> (node:net:351:12)
2025-07-17 15:35:35 [ERROR]: Error: Python腳本執行失敗 (退出碼: 1)
    at ChildProcess.<anonymous> (file:///Users/angus/Visualization%20Bioinformatics/dna-barcode-toolkit/backend/src/services/pythonExecutor.js:208:18)
    at ChildProcess.emit (node:events:513:28)
    at maybeClose (node:internal/child_process:1101:16)
    at ChildProcess._handle.onexit (node:internal/child_process:305:5)
2025-07-17 17:11:58 [ERROR]: Error: Python腳本執行失敗 (退出碼: 1)
    at ChildProcess.<anonymous> (file:///Users/angus/Visualization%20Bioinformatics/dna-barcode-toolkit/backend/src/services/pythonExecutor.js:208:18)
    at ChildProcess.emit (node:events:513:28)
    at maybeClose (node:internal/child_process:1101:16)
    at ChildProcess._handle.onexit (node:internal/child_process:305:5)
2025-07-17 19:13:15 [ERROR]: Error: Python腳本執行失敗 (退出碼: 1)
    at ChildProcess.<anonymous> (file:///Users/angus/Visualization%20Bioinformatics/dna-barcode-toolkit/backend/src/services/pythonExecutor.js:208:18)
    at ChildProcess.emit (node:events:513:28)
    at maybeClose (node:internal/child_process:1101:16)
    at ChildProcess._handle.onexit (node:internal/child_process:305:5)
2025-07-18 00:10:41 [ERROR]: Error: Python腳本執行失敗 (退出碼: 1)
    at ChildProcess.<anonymous> (file:///Users/angus/Visualization%20Bioinformatics/dna-barcode-toolkit/backend/src/services/pythonExecutor.js:206:18)
    at ChildProcess.emit (node:events:513:28)
    at maybeClose (node:internal/child_process:1101:16)
    at ChildProcess._handle.onexit (node:internal/child_process:305:5)
2025-07-18 13:17:01 [ERROR]: Error: Python腳本執行失敗 (退出碼: 1)
    at ChildProcess.<anonymous> (file:///Users/angus/Visualization%20Bioinformatics/dna-barcode-toolkit/backend/src/services/pythonExecutor.js:206:18)
    at ChildProcess.emit (node:events:513:28)
    at maybeClose (node:internal/child_process:1101:16)
    at Socket.<anonymous> (node:internal/child_process:457:11)
    at Socket.emit (node:events:513:28)
    at Pipe.<anonymous> (node:net:351:12)
2025-07-18 13:18:41 [ERROR]: Error: Python腳本執行失敗 (退出碼: 1)
    at ChildProcess.<anonymous> (file:///Users/angus/Visualization%20Bioinformatics/dna-barcode-toolkit/backend/src/services/pythonExecutor.js:206:18)
    at ChildProcess.emit (node:events:513:28)
    at maybeClose (node:internal/child_process:1101:16)
    at Socket.<anonymous> (node:internal/child_process:457:11)
    at Socket.emit (node:events:513:28)
    at Pipe.<anonymous> (node:net:351:12)
2025-07-18 13:20:42 [ERROR]: Error: Python腳本執行失敗 (退出碼: 1)
    at ChildProcess.<anonymous> (file:///Users/angus/Visualization%20Bioinformatics/dna-barcode-toolkit/backend/src/services/pythonExecutor.js:206:18)
    at ChildProcess.emit (node:events:513:28)
    at maybeClose (node:internal/child_process:1101:16)
    at Socket.<anonymous> (node:internal/child_process:457:11)
    at Socket.emit (node:events:513:28)
    at Pipe.<anonymous> (node:net:351:12)
2025-07-18 13:23:15 [ERROR]: Error: Python script execution failed (exit code: 1)
    at ChildProcess.<anonymous> (file:///Users/angus/Visualization%20Bioinformatics/dna-barcode-toolkit/backend/src/services/pythonExecutor.js:206:18)
    at ChildProcess.emit (node:events:513:28)
    at maybeClose (node:internal/child_process:1101:16)
    at Socket.<anonymous> (node:internal/child_process:457:11)
    at Socket.emit (node:events:513:28)
    at Pipe.<anonymous> (node:net:351:12)
2025-07-18 13:35:28 [ERROR]: Error: Python script execution failed (exit code: 1)
    at ChildProcess.<anonymous> (file:///Users/angus/Visualization%20Bioinformatics/dna-barcode-toolkit/backend/src/services/pythonExecutor.js:206:18)
    at ChildProcess.emit (node:events:513:28)
    at maybeClose (node:internal/child_process:1101:16)
    at Socket.<anonymous> (node:internal/child_process:457:11)
    at Socket.emit (node:events:513:28)
    at Pipe.<anonymous> (node:net:351:12)
2025-07-21 04:51:01 [ERROR]: ReferenceError: Cannot access 'process' before initialization
    at file:///Users/angus/Visualization%20Bioinformatics/dna-barcode-toolkit/backend/src/services/pythonExecutor.js:148:14
    at new Promise (<anonymous>)
    at PythonExecutor._executeScriptWithSSE (file:///Users/angus/Visualization%20Bioinformatics/dna-barcode-toolkit/backend/src/services/pythonExecutor.js:135:12)
    at PythonExecutor.executePipeline (file:///Users/angus/Visualization%20Bioinformatics/dna-barcode-toolkit/backend/src/services/pythonExecutor.js:84:33)
2025-07-21 04:52:26 [ERROR]: ReferenceError: Cannot access 'process' before initialization
    at file:///Users/angus/Visualization%20Bioinformatics/dna-barcode-toolkit/backend/src/services/pythonExecutor.js:148:14
    at new Promise (<anonymous>)
    at PythonExecutor._executeScriptWithSSE (file:///Users/angus/Visualization%20Bioinformatics/dna-barcode-toolkit/backend/src/services/pythonExecutor.js:135:12)
    at PythonExecutor.executePipeline (file:///Users/angus/Visualization%20Bioinformatics/dna-barcode-toolkit/backend/src/services/pythonExecutor.js:84:33)
2025-07-21 05:25:00 [ERROR]: Error: Python script execution failed (exit code: 1)
    at ChildProcess.<anonymous> (file:///Users/angus/Visualization%20Bioinformatics/dna-barcode-toolkit/backend/src/services/pythonExecutor.js:224:18)
    at ChildProcess.emit (node:events:513:28)
    at maybeClose (node:internal/child_process:1101:16)
    at ChildProcess._handle.onexit (node:internal/child_process:305:5)
